<?xml version="1.0" encoding="UTF-8"?>
<!-- Generated by org.testng.reporters.JUnitReportReporter -->
<testsuite hostname="LAPTOP-71F7I29L" failures="0" tests="1" name="bryanpereyra.Appium.AppiumBasics" time="8.269" errors="0" timestamp="2023-10-25T15:00:06 CDT" skipped="0">
  <testcase classname="bryanpereyra.Appium.AppiumBasics" name="AppiumTest" time="8.269"/>
</testsuite> <!-- bryanpereyra.Appium.AppiumBasics -->
