<?xml version="1.0" encoding="UTF-8"?>
<!-- Generated by org.testng.reporters.JUnitReportReporter -->
<testsuite hostname="LAPTOP-71F7I29L" failures="0" tests="1" name="bryanpereyra.Appium.LongPress" time="5.347" errors="0" timestamp="2023-10-29T12:05:28 CST" skipped="0">
  <testcase classname="bryanpereyra.Appium.LongPress" name="LongPressGesture" time="5.347"/>
</testsuite> <!-- bryanpereyra.Appium.LongPress -->
