<?xml version="1.0" encoding="UTF-8"?>
<!-- Generated by org.testng.reporters.JUnitReportReporter -->
<testsuite hostname="LAPTOP-71F7I29L" failures="0" tests="1" name="bryanpereyra.Appium.ScrollDemo" time="2.562" errors="0" timestamp="2023-10-29T12:27:46 CST" skipped="0">
  <testcase classname="bryanpereyra.Appium.ScrollDemo" name="ScrollDemoTest" time="2.562"/>
</testsuite> <!-- bryanpereyra.Appium.ScrollDemo -->
