<?xml version="1.0" encoding="UTF-8"?>
<!-- Generated by org.testng.reporters.JUnitReportReporter -->
<testsuite hostname="LAPTOP-71F7I29L" failures="0" tests="1" name="bryanpereyra.Appium.AppiumBasics" time="4.518" errors="0" timestamp="2023-10-26T12:51:16 CDT" skipped="0">
  <testcase classname="bryanpereyra.Appium.AppiumBasics" name="WifiSettingsName" time="4.518"/>
</testsuite> <!-- bryanpereyra.Appium.AppiumBasics -->
